22:53:15,317 root DEBUG 2020-10-01 22:52:56.323612
22:53:15,705 root INFO admin logged in
22:53:16,53 root WARNING Warning:config file server.conf not found
22:53:19,485 urllib3.connectionpool DEBUG Starting new HTTPS connection (1): brasil.io:443
22:53:20,191 urllib3.connectionpool DEBUG https://brasil.io:443 "GET /api/dataset/covid19/caso/data HTTP/1.1" 301 None
22:53:21,39 urllib3.connectionpool DEBUG https://brasil.io:443 "GET /api/dataset/covid19/caso/data/ HTTP/1.1" 200 None
22:53:52,703 chardet.charsetprober DEBUG windows-1255 confidence = 0.0, below negative shortcut threshhold 0.05
22:53:52,724 chardet.charsetprober DEBUG windows-1255 confidence = 0.0, below negative shortcut threshhold 0.05
22:53:52,881 chardet.charsetprober DEBUG utf-8  confidence = 0.99
22:53:52,881 chardet.charsetprober DEBUG SHIFT_JIS Japanese confidence = 0.01
22:53:52,881 chardet.charsetprober DEBUG EUC-JP Japanese confidence = 0.01
22:53:52,882 chardet.charsetprober DEBUG GB2312 Chinese confidence = 0.01
22:53:52,882 chardet.charsetprober DEBUG EUC-KR Korean confidence = 0.01
22:53:52,882 chardet.charsetprober DEBUG CP949 Korean confidence = 0.01
22:53:52,882 chardet.charsetprober DEBUG Big5 Chinese confidence = 0.01
22:53:52,882 chardet.charsetprober DEBUG EUC-TW Taiwan confidence = 0.01
22:53:52,882 chardet.charsetprober DEBUG windows-1251 Russian confidence = 0.01
22:53:52,882 chardet.charsetprober DEBUG KOI8-R Russian confidence = 0.01
22:53:52,882 chardet.charsetprober DEBUG ISO-8859-5 Russian confidence = 0.0
22:53:52,882 chardet.charsetprober DEBUG MacCyrillic Russian confidence = 0.01
22:53:52,882 chardet.charsetprober DEBUG IBM866 Russian confidence = 0.01
22:53:52,882 chardet.charsetprober DEBUG IBM855 Russian confidence = 0.01
22:53:52,882 chardet.charsetprober DEBUG ISO-8859-7 Greek confidence = 0.0
22:53:52,882 chardet.charsetprober DEBUG windows-1253 Greek confidence = 0.0
22:53:52,882 chardet.charsetprober DEBUG ISO-8859-5 Bulgairan confidence = 0.0
22:53:52,882 chardet.charsetprober DEBUG windows-1251 Bulgarian confidence = 0.0
22:53:52,882 chardet.charsetprober DEBUG TIS-620 Thai confidence = 0.11178513550529573
22:53:52,882 chardet.charsetprober DEBUG ISO-8859-9 Turkish confidence = 0.6195441677548892
22:53:52,882 chardet.charsetprober DEBUG windows-1255 Hebrew confidence = 0.0
22:53:52,883 chardet.charsetprober DEBUG windows-1255 not active
22:53:52,883 chardet.charsetprober DEBUG windows-1255 not active
22:53:52,883 chardet.charsetprober DEBUG utf-8  confidence = 0.99
22:53:52,883 chardet.charsetprober DEBUG SHIFT_JIS Japanese confidence = 0.01
22:53:52,883 chardet.charsetprober DEBUG EUC-JP Japanese confidence = 0.01
22:53:52,883 chardet.charsetprober DEBUG GB2312 Chinese confidence = 0.01
22:53:52,883 chardet.charsetprober DEBUG EUC-KR Korean confidence = 0.01
22:53:52,883 chardet.charsetprober DEBUG CP949 Korean confidence = 0.01
22:53:52,883 chardet.charsetprober DEBUG Big5 Chinese confidence = 0.01
22:53:52,883 chardet.charsetprober DEBUG EUC-TW Taiwan confidence = 0.01
22:53:53,628 chardet.charsetprober DEBUG windows-1255 confidence = 0.0, below negative shortcut threshhold 0.05
22:53:53,650 chardet.charsetprober DEBUG windows-1255 confidence = 0.0, below negative shortcut threshhold 0.05
22:53:53,803 chardet.charsetprober DEBUG utf-8  confidence = 0.99
22:53:53,803 chardet.charsetprober DEBUG SHIFT_JIS Japanese confidence = 0.01
22:53:53,803 chardet.charsetprober DEBUG EUC-JP Japanese confidence = 0.01
22:53:53,803 chardet.charsetprober DEBUG GB2312 Chinese confidence = 0.01
22:53:53,803 chardet.charsetprober DEBUG EUC-KR Korean confidence = 0.01
22:53:53,803 chardet.charsetprober DEBUG CP949 Korean confidence = 0.01
22:53:53,803 chardet.charsetprober DEBUG Big5 Chinese confidence = 0.01
22:53:53,803 chardet.charsetprober DEBUG EUC-TW Taiwan confidence = 0.01
22:53:53,803 chardet.charsetprober DEBUG windows-1251 Russian confidence = 0.01
22:53:53,804 chardet.charsetprober DEBUG KOI8-R Russian confidence = 0.01
22:53:53,804 chardet.charsetprober DEBUG ISO-8859-5 Russian confidence = 0.0
22:53:53,804 chardet.charsetprober DEBUG MacCyrillic Russian confidence = 0.01
22:53:53,804 chardet.charsetprober DEBUG IBM866 Russian confidence = 0.01
22:53:53,804 chardet.charsetprober DEBUG IBM855 Russian confidence = 0.01
22:53:53,804 chardet.charsetprober DEBUG ISO-8859-7 Greek confidence = 0.0
22:53:53,804 chardet.charsetprober DEBUG windows-1253 Greek confidence = 0.0
22:53:53,804 chardet.charsetprober DEBUG ISO-8859-5 Bulgairan confidence = 0.0
22:53:53,804 chardet.charsetprober DEBUG windows-1251 Bulgarian confidence = 0.0
22:53:53,804 chardet.charsetprober DEBUG TIS-620 Thai confidence = 0.11178513550529573
22:53:53,804 chardet.charsetprober DEBUG ISO-8859-9 Turkish confidence = 0.6195441677548892
22:53:53,804 chardet.charsetprober DEBUG windows-1255 Hebrew confidence = 0.0
22:53:53,804 chardet.charsetprober DEBUG windows-1255 not active
22:53:53,804 chardet.charsetprober DEBUG windows-1255 not active
22:53:53,804 chardet.charsetprober DEBUG utf-8  confidence = 0.99
22:53:53,804 chardet.charsetprober DEBUG SHIFT_JIS Japanese confidence = 0.01
22:53:53,805 chardet.charsetprober DEBUG EUC-JP Japanese confidence = 0.01
22:53:53,805 chardet.charsetprober DEBUG GB2312 Chinese confidence = 0.01
22:53:53,805 chardet.charsetprober DEBUG EUC-KR Korean confidence = 0.01
22:53:53,805 chardet.charsetprober DEBUG CP949 Korean confidence = 0.01
22:53:53,805 chardet.charsetprober DEBUG Big5 Chinese confidence = 0.01
22:53:53,805 chardet.charsetprober DEBUG EUC-TW Taiwan confidence = 0.01
22:54:41,258 chardet.charsetprober DEBUG windows-1255 confidence = 0.0, below negative shortcut threshhold 0.05
22:54:41,281 chardet.charsetprober DEBUG windows-1255 confidence = 0.0, below negative shortcut threshhold 0.05
22:54:41,445 chardet.charsetprober DEBUG utf-8  confidence = 0.99
22:54:41,445 chardet.charsetprober DEBUG SHIFT_JIS Japanese confidence = 0.01
22:54:41,445 chardet.charsetprober DEBUG EUC-JP Japanese confidence = 0.01
22:54:41,445 chardet.charsetprober DEBUG GB2312 Chinese confidence = 0.01
22:54:41,446 chardet.charsetprober DEBUG EUC-KR Korean confidence = 0.01
22:54:41,446 chardet.charsetprober DEBUG CP949 Korean confidence = 0.01
22:54:41,446 chardet.charsetprober DEBUG Big5 Chinese confidence = 0.01
22:54:41,446 chardet.charsetprober DEBUG EUC-TW Taiwan confidence = 0.01
22:54:41,446 chardet.charsetprober DEBUG windows-1251 Russian confidence = 0.01
22:54:41,446 chardet.charsetprober DEBUG KOI8-R Russian confidence = 0.01
22:54:41,446 chardet.charsetprober DEBUG ISO-8859-5 Russian confidence = 0.0
22:54:41,446 chardet.charsetprober DEBUG MacCyrillic Russian confidence = 0.01
22:54:41,446 chardet.charsetprober DEBUG IBM866 Russian confidence = 0.01
22:54:41,446 chardet.charsetprober DEBUG IBM855 Russian confidence = 0.01
22:54:41,446 chardet.charsetprober DEBUG ISO-8859-7 Greek confidence = 0.0
22:54:41,446 chardet.charsetprober DEBUG windows-1253 Greek confidence = 0.0
22:54:41,446 chardet.charsetprober DEBUG ISO-8859-5 Bulgairan confidence = 0.0
22:54:41,446 chardet.charsetprober DEBUG windows-1251 Bulgarian confidence = 0.0
22:54:41,446 chardet.charsetprober DEBUG TIS-620 Thai confidence = 0.11178513550529573
22:54:41,446 chardet.charsetprober DEBUG ISO-8859-9 Turkish confidence = 0.6195441677548892
22:54:41,446 chardet.charsetprober DEBUG windows-1255 Hebrew confidence = 0.0
22:54:41,447 chardet.charsetprober DEBUG windows-1255 not active
22:54:41,447 chardet.charsetprober DEBUG windows-1255 not active
22:54:41,447 chardet.charsetprober DEBUG utf-8  confidence = 0.99
22:54:41,447 chardet.charsetprober DEBUG SHIFT_JIS Japanese confidence = 0.01
22:54:41,447 chardet.charsetprober DEBUG EUC-JP Japanese confidence = 0.01
22:54:41,447 chardet.charsetprober DEBUG GB2312 Chinese confidence = 0.01
22:54:41,447 chardet.charsetprober DEBUG EUC-KR Korean confidence = 0.01
22:54:41,447 chardet.charsetprober DEBUG CP949 Korean confidence = 0.01
22:54:41,447 chardet.charsetprober DEBUG Big5 Chinese confidence = 0.01
22:54:41,447 chardet.charsetprober DEBUG EUC-TW Taiwan confidence = 0.01
22:54:42,202 chardet.charsetprober DEBUG windows-1255 confidence = 0.0, below negative shortcut threshhold 0.05
22:54:42,224 chardet.charsetprober DEBUG windows-1255 confidence = 0.0, below negative shortcut threshhold 0.05
22:54:42,376 chardet.charsetprober DEBUG utf-8  confidence = 0.99
22:54:42,376 chardet.charsetprober DEBUG SHIFT_JIS Japanese confidence = 0.01
22:54:42,376 chardet.charsetprober DEBUG EUC-JP Japanese confidence = 0.01
22:54:42,376 chardet.charsetprober DEBUG GB2312 Chinese confidence = 0.01
22:54:42,376 chardet.charsetprober DEBUG EUC-KR Korean confidence = 0.01
22:54:42,376 chardet.charsetprober DEBUG CP949 Korean confidence = 0.01
22:54:42,376 chardet.charsetprober DEBUG Big5 Chinese confidence = 0.01
22:54:42,376 chardet.charsetprober DEBUG EUC-TW Taiwan confidence = 0.01
22:54:42,376 chardet.charsetprober DEBUG windows-1251 Russian confidence = 0.01
22:54:42,376 chardet.charsetprober DEBUG KOI8-R Russian confidence = 0.01
22:54:42,376 chardet.charsetprober DEBUG ISO-8859-5 Russian confidence = 0.0
22:54:42,376 chardet.charsetprober DEBUG MacCyrillic Russian confidence = 0.01
22:54:42,376 chardet.charsetprober DEBUG IBM866 Russian confidence = 0.01
22:54:42,377 chardet.charsetprober DEBUG IBM855 Russian confidence = 0.01
22:54:42,377 chardet.charsetprober DEBUG ISO-8859-7 Greek confidence = 0.0
22:54:42,377 chardet.charsetprober DEBUG windows-1253 Greek confidence = 0.0
22:54:42,377 chardet.charsetprober DEBUG ISO-8859-5 Bulgairan confidence = 0.0
22:54:42,377 chardet.charsetprober DEBUG windows-1251 Bulgarian confidence = 0.0
22:54:42,377 chardet.charsetprober DEBUG TIS-620 Thai confidence = 0.11178513550529573
22:54:42,377 chardet.charsetprober DEBUG ISO-8859-9 Turkish confidence = 0.6195441677548892
22:54:42,377 chardet.charsetprober DEBUG windows-1255 Hebrew confidence = 0.0
22:54:42,377 chardet.charsetprober DEBUG windows-1255 not active
22:54:42,377 chardet.charsetprober DEBUG windows-1255 not active
22:54:42,377 chardet.charsetprober DEBUG utf-8  confidence = 0.99
22:54:42,377 chardet.charsetprober DEBUG SHIFT_JIS Japanese confidence = 0.01
22:54:42,377 chardet.charsetprober DEBUG EUC-JP Japanese confidence = 0.01
22:54:42,377 chardet.charsetprober DEBUG GB2312 Chinese confidence = 0.01
22:54:42,377 chardet.charsetprober DEBUG EUC-KR Korean confidence = 0.01
22:54:42,377 chardet.charsetprober DEBUG CP949 Korean confidence = 0.01
22:54:42,377 chardet.charsetprober DEBUG Big5 Chinese confidence = 0.01
22:54:42,377 chardet.charsetprober DEBUG EUC-TW Taiwan confidence = 0.01
22:54:43,208 chardet.charsetprober DEBUG windows-1255 confidence = 0.0, below negative shortcut threshhold 0.05
22:54:43,229 chardet.charsetprober DEBUG windows-1255 confidence = 0.0, below negative shortcut threshhold 0.05
22:54:43,381 chardet.charsetprober DEBUG utf-8  confidence = 0.99
22:54:43,381 chardet.charsetprober DEBUG SHIFT_JIS Japanese confidence = 0.01
22:54:43,381 chardet.charsetprober DEBUG EUC-JP Japanese confidence = 0.01
22:54:43,381 chardet.charsetprober DEBUG GB2312 Chinese confidence = 0.01
22:54:43,381 chardet.charsetprober DEBUG EUC-KR Korean confidence = 0.01
22:54:43,381 chardet.charsetprober DEBUG CP949 Korean confidence = 0.01
22:54:43,381 chardet.charsetprober DEBUG Big5 Chinese confidence = 0.01
22:54:43,381 chardet.charsetprober DEBUG EUC-TW Taiwan confidence = 0.01
22:54:43,381 chardet.charsetprober DEBUG windows-1251 Russian confidence = 0.01
22:54:43,381 chardet.charsetprober DEBUG KOI8-R Russian confidence = 0.01
22:54:43,381 chardet.charsetprober DEBUG ISO-8859-5 Russian confidence = 0.0
22:54:43,381 chardet.charsetprober DEBUG MacCyrillic Russian confidence = 0.01
22:54:43,381 chardet.charsetprober DEBUG IBM866 Russian confidence = 0.01
22:54:43,381 chardet.charsetprober DEBUG IBM855 Russian confidence = 0.01
22:54:43,381 chardet.charsetprober DEBUG ISO-8859-7 Greek confidence = 0.0
22:54:43,381 chardet.charsetprober DEBUG windows-1253 Greek confidence = 0.0
22:54:43,381 chardet.charsetprober DEBUG ISO-8859-5 Bulgairan confidence = 0.0
22:54:43,382 chardet.charsetprober DEBUG windows-1251 Bulgarian confidence = 0.0
22:54:43,382 chardet.charsetprober DEBUG TIS-620 Thai confidence = 0.11178513550529573
22:54:43,382 chardet.charsetprober DEBUG ISO-8859-9 Turkish confidence = 0.6195441677548892
22:54:43,382 chardet.charsetprober DEBUG windows-1255 Hebrew confidence = 0.0
22:54:43,382 chardet.charsetprober DEBUG windows-1255 not active
22:54:43,382 chardet.charsetprober DEBUG windows-1255 not active
22:54:43,382 chardet.charsetprober DEBUG utf-8  confidence = 0.99
22:54:43,382 chardet.charsetprober DEBUG SHIFT_JIS Japanese confidence = 0.01
22:54:43,382 chardet.charsetprober DEBUG EUC-JP Japanese confidence = 0.01
22:54:43,382 chardet.charsetprober DEBUG GB2312 Chinese confidence = 0.01
22:54:43,382 chardet.charsetprober DEBUG EUC-KR Korean confidence = 0.01
22:54:43,382 chardet.charsetprober DEBUG CP949 Korean confidence = 0.01
22:54:43,382 chardet.charsetprober DEBUG Big5 Chinese confidence = 0.01
22:54:43,382 chardet.charsetprober DEBUG EUC-TW Taiwan confidence = 0.01
22:54:44,131 chardet.charsetprober DEBUG windows-1255 confidence = 0.0, below negative shortcut threshhold 0.05
22:54:44,153 chardet.charsetprober DEBUG windows-1255 confidence = 0.0, below negative shortcut threshhold 0.05
22:54:44,305 chardet.charsetprober DEBUG utf-8  confidence = 0.99
22:54:44,305 chardet.charsetprober DEBUG SHIFT_JIS Japanese confidence = 0.01
22:54:44,305 chardet.charsetprober DEBUG EUC-JP Japanese confidence = 0.01
22:54:44,305 chardet.charsetprober DEBUG GB2312 Chinese confidence = 0.01
22:54:44,305 chardet.charsetprober DEBUG EUC-KR Korean confidence = 0.01
22:54:44,305 chardet.charsetprober DEBUG CP949 Korean confidence = 0.01
22:54:44,306 chardet.charsetprober DEBUG Big5 Chinese confidence = 0.01
22:54:44,306 chardet.charsetprober DEBUG EUC-TW Taiwan confidence = 0.01
22:54:44,306 chardet.charsetprober DEBUG windows-1251 Russian confidence = 0.01
22:54:44,306 chardet.charsetprober DEBUG KOI8-R Russian confidence = 0.01
22:54:44,306 chardet.charsetprober DEBUG ISO-8859-5 Russian confidence = 0.0
22:54:44,306 chardet.charsetprober DEBUG MacCyrillic Russian confidence = 0.01
22:54:44,306 chardet.charsetprober DEBUG IBM866 Russian confidence = 0.01
22:54:44,306 chardet.charsetprober DEBUG IBM855 Russian confidence = 0.01
22:54:44,306 chardet.charsetprober DEBUG ISO-8859-7 Greek confidence = 0.0
22:54:44,306 chardet.charsetprober DEBUG windows-1253 Greek confidence = 0.0
22:54:44,306 chardet.charsetprober DEBUG ISO-8859-5 Bulgairan confidence = 0.0
22:54:44,306 chardet.charsetprober DEBUG windows-1251 Bulgarian confidence = 0.0
22:54:44,306 chardet.charsetprober DEBUG TIS-620 Thai confidence = 0.11178513550529573
22:54:44,306 chardet.charsetprober DEBUG ISO-8859-9 Turkish confidence = 0.6195441677548892
22:54:44,306 chardet.charsetprober DEBUG windows-1255 Hebrew confidence = 0.0
22:54:44,306 chardet.charsetprober DEBUG windows-1255 not active
22:54:44,306 chardet.charsetprober DEBUG windows-1255 not active
22:54:44,306 chardet.charsetprober DEBUG utf-8  confidence = 0.99
22:54:44,306 chardet.charsetprober DEBUG SHIFT_JIS Japanese confidence = 0.01
22:54:44,307 chardet.charsetprober DEBUG EUC-JP Japanese confidence = 0.01
22:54:44,307 chardet.charsetprober DEBUG GB2312 Chinese confidence = 0.01
22:54:44,307 chardet.charsetprober DEBUG EUC-KR Korean confidence = 0.01
22:54:44,307 chardet.charsetprober DEBUG CP949 Korean confidence = 0.01
22:54:44,307 chardet.charsetprober DEBUG Big5 Chinese confidence = 0.01
22:54:44,307 chardet.charsetprober DEBUG EUC-TW Taiwan confidence = 0.01
22:54:46,488 chardet.charsetprober DEBUG windows-1255 confidence = 0.0, below negative shortcut threshhold 0.05
22:54:46,509 chardet.charsetprober DEBUG windows-1255 confidence = 0.0, below negative shortcut threshhold 0.05
22:54:46,662 chardet.charsetprober DEBUG utf-8  confidence = 0.99
22:54:46,662 chardet.charsetprober DEBUG SHIFT_JIS Japanese confidence = 0.01
22:54:46,662 chardet.charsetprober DEBUG EUC-JP Japanese confidence = 0.01
22:54:46,662 chardet.charsetprober DEBUG GB2312 Chinese confidence = 0.01
22:54:46,663 chardet.charsetprober DEBUG EUC-KR Korean confidence = 0.01
22:54:46,663 chardet.charsetprober DEBUG CP949 Korean confidence = 0.01
22:54:46,663 chardet.charsetprober DEBUG Big5 Chinese confidence = 0.01
22:54:46,663 chardet.charsetprober DEBUG EUC-TW Taiwan confidence = 0.01
22:54:46,663 chardet.charsetprober DEBUG windows-1251 Russian confidence = 0.01
22:54:46,663 chardet.charsetprober DEBUG KOI8-R Russian confidence = 0.01
22:54:46,663 chardet.charsetprober DEBUG ISO-8859-5 Russian confidence = 0.0
22:54:46,663 chardet.charsetprober DEBUG MacCyrillic Russian confidence = 0.01
22:54:46,663 chardet.charsetprober DEBUG IBM866 Russian confidence = 0.01
22:54:46,663 chardet.charsetprober DEBUG IBM855 Russian confidence = 0.01
22:54:46,663 chardet.charsetprober DEBUG ISO-8859-7 Greek confidence = 0.0
22:54:46,663 chardet.charsetprober DEBUG windows-1253 Greek confidence = 0.0
22:54:46,663 chardet.charsetprober DEBUG ISO-8859-5 Bulgairan confidence = 0.0
22:54:46,663 chardet.charsetprober DEBUG windows-1251 Bulgarian confidence = 0.0
22:54:46,663 chardet.charsetprober DEBUG TIS-620 Thai confidence = 0.11178513550529573
22:54:46,663 chardet.charsetprober DEBUG ISO-8859-9 Turkish confidence = 0.6195441677548892
22:54:46,663 chardet.charsetprober DEBUG windows-1255 Hebrew confidence = 0.0
22:54:46,663 chardet.charsetprober DEBUG windows-1255 not active
22:54:46,663 chardet.charsetprober DEBUG windows-1255 not active
22:54:46,664 chardet.charsetprober DEBUG utf-8  confidence = 0.99
22:54:46,664 chardet.charsetprober DEBUG SHIFT_JIS Japanese confidence = 0.01
22:54:46,664 chardet.charsetprober DEBUG EUC-JP Japanese confidence = 0.01
22:54:46,664 chardet.charsetprober DEBUG GB2312 Chinese confidence = 0.01
22:54:46,664 chardet.charsetprober DEBUG EUC-KR Korean confidence = 0.01
22:54:46,664 chardet.charsetprober DEBUG CP949 Korean confidence = 0.01
22:54:46,664 chardet.charsetprober DEBUG Big5 Chinese confidence = 0.01
22:54:46,664 chardet.charsetprober DEBUG EUC-TW Taiwan confidence = 0.01
22:54:47,419 chardet.charsetprober DEBUG windows-1255 confidence = 0.0, below negative shortcut threshhold 0.05
22:54:47,441 chardet.charsetprober DEBUG windows-1255 confidence = 0.0, below negative shortcut threshhold 0.05
22:54:47,593 chardet.charsetprober DEBUG utf-8  confidence = 0.99
22:54:47,593 chardet.charsetprober DEBUG SHIFT_JIS Japanese confidence = 0.01
22:54:47,593 chardet.charsetprober DEBUG EUC-JP Japanese confidence = 0.01
22:54:47,593 chardet.charsetprober DEBUG GB2312 Chinese confidence = 0.01
22:54:47,593 chardet.charsetprober DEBUG EUC-KR Korean confidence = 0.01
22:54:47,593 chardet.charsetprober DEBUG CP949 Korean confidence = 0.01
22:54:47,594 chardet.charsetprober DEBUG Big5 Chinese confidence = 0.01
22:54:47,594 chardet.charsetprober DEBUG EUC-TW Taiwan confidence = 0.01
22:54:47,594 chardet.charsetprober DEBUG windows-1251 Russian confidence = 0.01
22:54:47,594 chardet.charsetprober DEBUG KOI8-R Russian confidence = 0.01
22:54:47,594 chardet.charsetprober DEBUG ISO-8859-5 Russian confidence = 0.0
22:54:47,594 chardet.charsetprober DEBUG MacCyrillic Russian confidence = 0.01
22:54:47,594 chardet.charsetprober DEBUG IBM866 Russian confidence = 0.01
22:54:47,594 chardet.charsetprober DEBUG IBM855 Russian confidence = 0.01
22:54:47,594 chardet.charsetprober DEBUG ISO-8859-7 Greek confidence = 0.0
22:54:47,594 chardet.charsetprober DEBUG windows-1253 Greek confidence = 0.0
22:54:47,594 chardet.charsetprober DEBUG ISO-8859-5 Bulgairan confidence = 0.0
22:54:47,594 chardet.charsetprober DEBUG windows-1251 Bulgarian confidence = 0.0
22:54:47,594 chardet.charsetprober DEBUG TIS-620 Thai confidence = 0.11178513550529573
22:54:47,594 chardet.charsetprober DEBUG ISO-8859-9 Turkish confidence = 0.6195441677548892
22:54:47,594 chardet.charsetprober DEBUG windows-1255 Hebrew confidence = 0.0
22:54:47,594 chardet.charsetprober DEBUG windows-1255 not active
22:54:47,594 chardet.charsetprober DEBUG windows-1255 not active
22:54:47,594 chardet.charsetprober DEBUG utf-8  confidence = 0.99
22:54:47,594 chardet.charsetprober DEBUG SHIFT_JIS Japanese confidence = 0.01
22:54:47,595 chardet.charsetprober DEBUG EUC-JP Japanese confidence = 0.01
22:54:47,595 chardet.charsetprober DEBUG GB2312 Chinese confidence = 0.01
22:54:47,595 chardet.charsetprober DEBUG EUC-KR Korean confidence = 0.01
22:54:47,595 chardet.charsetprober DEBUG CP949 Korean confidence = 0.01
22:54:47,595 chardet.charsetprober DEBUG Big5 Chinese confidence = 0.01
22:54:47,595 chardet.charsetprober DEBUG EUC-TW Taiwan confidence = 0.01
22:55:37,133 chardet.charsetprober DEBUG windows-1255 confidence = 0.0, below negative shortcut threshhold 0.05
22:55:37,154 chardet.charsetprober DEBUG windows-1255 confidence = 0.0, below negative shortcut threshhold 0.05
22:55:37,309 chardet.charsetprober DEBUG utf-8  confidence = 0.99
22:55:37,309 chardet.charsetprober DEBUG SHIFT_JIS Japanese confidence = 0.01
22:55:37,309 chardet.charsetprober DEBUG EUC-JP Japanese confidence = 0.01
22:55:37,310 chardet.charsetprober DEBUG GB2312 Chinese confidence = 0.01
22:55:37,310 chardet.charsetprober DEBUG EUC-KR Korean confidence = 0.01
22:55:37,310 chardet.charsetprober DEBUG CP949 Korean confidence = 0.01
22:55:37,310 chardet.charsetprober DEBUG Big5 Chinese confidence = 0.01
22:55:37,310 chardet.charsetprober DEBUG EUC-TW Taiwan confidence = 0.01
22:55:37,310 chardet.charsetprober DEBUG windows-1251 Russian confidence = 0.01
22:55:37,310 chardet.charsetprober DEBUG KOI8-R Russian confidence = 0.01
22:55:37,310 chardet.charsetprober DEBUG ISO-8859-5 Russian confidence = 0.0
22:55:37,310 chardet.charsetprober DEBUG MacCyrillic Russian confidence = 0.01
22:55:37,310 chardet.charsetprober DEBUG IBM866 Russian confidence = 0.01
22:55:37,310 chardet.charsetprober DEBUG IBM855 Russian confidence = 0.01
22:55:37,310 chardet.charsetprober DEBUG ISO-8859-7 Greek confidence = 0.0
22:55:37,310 chardet.charsetprober DEBUG windows-1253 Greek confidence = 0.0
22:55:37,310 chardet.charsetprober DEBUG ISO-8859-5 Bulgairan confidence = 0.0
22:55:37,310 chardet.charsetprober DEBUG windows-1251 Bulgarian confidence = 0.0
22:55:37,310 chardet.charsetprober DEBUG TIS-620 Thai confidence = 0.11178513550529573
22:55:37,310 chardet.charsetprober DEBUG ISO-8859-9 Turkish confidence = 0.6195441677548892
22:55:37,310 chardet.charsetprober DEBUG windows-1255 Hebrew confidence = 0.0
22:55:37,310 chardet.charsetprober DEBUG windows-1255 not active
22:55:37,311 chardet.charsetprober DEBUG windows-1255 not active
22:55:37,311 chardet.charsetprober DEBUG utf-8  confidence = 0.99
22:55:37,311 chardet.charsetprober DEBUG SHIFT_JIS Japanese confidence = 0.01
22:55:37,311 chardet.charsetprober DEBUG EUC-JP Japanese confidence = 0.01
22:55:37,311 chardet.charsetprober DEBUG GB2312 Chinese confidence = 0.01
22:55:37,311 chardet.charsetprober DEBUG EUC-KR Korean confidence = 0.01
22:55:37,311 chardet.charsetprober DEBUG CP949 Korean confidence = 0.01
22:55:37,311 chardet.charsetprober DEBUG Big5 Chinese confidence = 0.01
22:55:37,311 chardet.charsetprober DEBUG EUC-TW Taiwan confidence = 0.01
22:55:38,98 chardet.charsetprober DEBUG windows-1255 confidence = 0.0, below negative shortcut threshhold 0.05
22:55:38,121 chardet.charsetprober DEBUG windows-1255 confidence = 0.0, below negative shortcut threshhold 0.05
22:55:38,282 chardet.charsetprober DEBUG utf-8  confidence = 0.99
22:55:38,282 chardet.charsetprober DEBUG SHIFT_JIS Japanese confidence = 0.01
22:55:38,282 chardet.charsetprober DEBUG EUC-JP Japanese confidence = 0.01
22:55:38,282 chardet.charsetprober DEBUG GB2312 Chinese confidence = 0.01
22:55:38,282 chardet.charsetprober DEBUG EUC-KR Korean confidence = 0.01
22:55:38,282 chardet.charsetprober DEBUG CP949 Korean confidence = 0.01
22:55:38,282 chardet.charsetprober DEBUG Big5 Chinese confidence = 0.01
22:55:38,283 chardet.charsetprober DEBUG EUC-TW Taiwan confidence = 0.01
22:55:38,283 chardet.charsetprober DEBUG windows-1251 Russian confidence = 0.01
22:55:38,283 chardet.charsetprober DEBUG KOI8-R Russian confidence = 0.01
22:55:38,283 chardet.charsetprober DEBUG ISO-8859-5 Russian confidence = 0.0
22:55:38,283 chardet.charsetprober DEBUG MacCyrillic Russian confidence = 0.01
22:55:38,283 chardet.charsetprober DEBUG IBM866 Russian confidence = 0.01
22:55:38,283 chardet.charsetprober DEBUG IBM855 Russian confidence = 0.01
22:55:38,283 chardet.charsetprober DEBUG ISO-8859-7 Greek confidence = 0.0
22:55:38,283 chardet.charsetprober DEBUG windows-1253 Greek confidence = 0.0
22:55:38,283 chardet.charsetprober DEBUG ISO-8859-5 Bulgairan confidence = 0.0
22:55:38,283 chardet.charsetprober DEBUG windows-1251 Bulgarian confidence = 0.0
22:55:38,283 chardet.charsetprober DEBUG TIS-620 Thai confidence = 0.11178513550529573
22:55:38,283 chardet.charsetprober DEBUG ISO-8859-9 Turkish confidence = 0.6195441677548892
22:55:38,283 chardet.charsetprober DEBUG windows-1255 Hebrew confidence = 0.0
22:55:38,283 chardet.charsetprober DEBUG windows-1255 not active
22:55:38,283 chardet.charsetprober DEBUG windows-1255 not active
22:55:38,283 chardet.charsetprober DEBUG utf-8  confidence = 0.99
22:55:38,284 chardet.charsetprober DEBUG SHIFT_JIS Japanese confidence = 0.01
22:55:38,284 chardet.charsetprober DEBUG EUC-JP Japanese confidence = 0.01
22:55:38,284 chardet.charsetprober DEBUG GB2312 Chinese confidence = 0.01
22:55:38,284 chardet.charsetprober DEBUG EUC-KR Korean confidence = 0.01
22:55:38,284 chardet.charsetprober DEBUG CP949 Korean confidence = 0.01
22:55:38,284 chardet.charsetprober DEBUG Big5 Chinese confidence = 0.01
22:55:38,284 chardet.charsetprober DEBUG EUC-TW Taiwan confidence = 0.01
22:55:40,382 chardet.charsetprober DEBUG windows-1255 confidence = 0.0, below negative shortcut threshhold 0.05
22:55:40,443 chardet.charsetprober DEBUG windows-1255 confidence = 0.0, below negative shortcut threshhold 0.05
22:55:40,800 chardet.charsetprober DEBUG utf-8  confidence = 0.99
22:55:40,821 chardet.charsetprober DEBUG SHIFT_JIS Japanese confidence = 0.01
22:55:40,853 chardet.charsetprober DEBUG EUC-JP Japanese confidence = 0.01
22:55:40,885 chardet.charsetprober DEBUG GB2312 Chinese confidence = 0.01
22:55:40,916 chardet.charsetprober DEBUG EUC-KR Korean confidence = 0.01
22:55:40,946 chardet.charsetprober DEBUG CP949 Korean confidence = 0.01
22:55:40,962 chardet.charsetprober DEBUG Big5 Chinese confidence = 0.01
22:55:40,977 chardet.charsetprober DEBUG EUC-TW Taiwan confidence = 0.01
22:55:40,992 chardet.charsetprober DEBUG windows-1251 Russian confidence = 0.01
22:55:41,8 chardet.charsetprober DEBUG KOI8-R Russian confidence = 0.01
22:55:41,8 chardet.charsetprober DEBUG ISO-8859-5 Russian confidence = 0.0
22:55:41,8 chardet.charsetprober DEBUG MacCyrillic Russian confidence = 0.01
22:55:41,8 chardet.charsetprober DEBUG IBM866 Russian confidence = 0.01
22:55:41,8 chardet.charsetprober DEBUG IBM855 Russian confidence = 0.01
22:55:41,8 chardet.charsetprober DEBUG ISO-8859-7 Greek confidence = 0.0
22:55:41,8 chardet.charsetprober DEBUG windows-1253 Greek confidence = 0.0
22:55:41,8 chardet.charsetprober DEBUG ISO-8859-5 Bulgairan confidence = 0.0
22:55:41,8 chardet.charsetprober DEBUG windows-1251 Bulgarian confidence = 0.0
22:55:41,8 chardet.charsetprober DEBUG TIS-620 Thai confidence = 0.11178513550529573
22:55:41,8 chardet.charsetprober DEBUG ISO-8859-9 Turkish confidence = 0.6195441677548892
22:55:41,9 chardet.charsetprober DEBUG windows-1255 Hebrew confidence = 0.0
22:55:41,9 chardet.charsetprober DEBUG windows-1255 not active
22:55:41,54 chardet.charsetprober DEBUG windows-1255 not active
22:55:41,69 chardet.charsetprober DEBUG utf-8  confidence = 0.99
22:55:41,85 chardet.charsetprober DEBUG SHIFT_JIS Japanese confidence = 0.01
22:55:41,101 chardet.charsetprober DEBUG EUC-JP Japanese confidence = 0.01
22:55:41,101 chardet.charsetprober DEBUG GB2312 Chinese confidence = 0.01
22:55:41,117 chardet.charsetprober DEBUG EUC-KR Korean confidence = 0.01
22:55:41,165 chardet.charsetprober DEBUG CP949 Korean confidence = 0.01
22:55:41,181 chardet.charsetprober DEBUG Big5 Chinese confidence = 0.01
22:55:41,197 chardet.charsetprober DEBUG EUC-TW Taiwan confidence = 0.01
22:55:42,64 chardet.charsetprober DEBUG windows-1255 confidence = 0.0, below negative shortcut threshhold 0.05
22:55:42,86 chardet.charsetprober DEBUG windows-1255 confidence = 0.0, below negative shortcut threshhold 0.05
22:55:42,240 chardet.charsetprober DEBUG utf-8  confidence = 0.99
22:55:42,240 chardet.charsetprober DEBUG SHIFT_JIS Japanese confidence = 0.01
22:55:42,240 chardet.charsetprober DEBUG EUC-JP Japanese confidence = 0.01
22:55:42,241 chardet.charsetprober DEBUG GB2312 Chinese confidence = 0.01
22:55:42,241 chardet.charsetprober DEBUG EUC-KR Korean confidence = 0.01
22:55:42,241 chardet.charsetprober DEBUG CP949 Korean confidence = 0.01
22:55:42,241 chardet.charsetprober DEBUG Big5 Chinese confidence = 0.01
22:55:42,241 chardet.charsetprober DEBUG EUC-TW Taiwan confidence = 0.01
22:55:42,241 chardet.charsetprober DEBUG windows-1251 Russian confidence = 0.01
22:55:42,241 chardet.charsetprober DEBUG KOI8-R Russian confidence = 0.01
22:55:42,241 chardet.charsetprober DEBUG ISO-8859-5 Russian confidence = 0.0
22:55:42,241 chardet.charsetprober DEBUG MacCyrillic Russian confidence = 0.01
22:55:42,241 chardet.charsetprober DEBUG IBM866 Russian confidence = 0.01
22:55:42,241 chardet.charsetprober DEBUG IBM855 Russian confidence = 0.01
22:55:42,241 chardet.charsetprober DEBUG ISO-8859-7 Greek confidence = 0.0
22:55:42,241 chardet.charsetprober DEBUG windows-1253 Greek confidence = 0.0
22:55:42,241 chardet.charsetprober DEBUG ISO-8859-5 Bulgairan confidence = 0.0
22:55:42,241 chardet.charsetprober DEBUG windows-1251 Bulgarian confidence = 0.0
22:55:42,241 chardet.charsetprober DEBUG TIS-620 Thai confidence = 0.11178513550529573
22:55:42,241 chardet.charsetprober DEBUG ISO-8859-9 Turkish confidence = 0.6195441677548892
22:55:42,241 chardet.charsetprober DEBUG windows-1255 Hebrew confidence = 0.0
22:55:42,241 chardet.charsetprober DEBUG windows-1255 not active
22:55:42,242 chardet.charsetprober DEBUG windows-1255 not active
22:55:42,242 chardet.charsetprober DEBUG utf-8  confidence = 0.99
22:55:42,242 chardet.charsetprober DEBUG SHIFT_JIS Japanese confidence = 0.01
22:55:42,242 chardet.charsetprober DEBUG EUC-JP Japanese confidence = 0.01
22:55:42,242 chardet.charsetprober DEBUG GB2312 Chinese confidence = 0.01
22:55:42,242 chardet.charsetprober DEBUG EUC-KR Korean confidence = 0.01
22:55:42,242 chardet.charsetprober DEBUG CP949 Korean confidence = 0.01
22:55:42,242 chardet.charsetprober DEBUG Big5 Chinese confidence = 0.01
22:55:42,242 chardet.charsetprober DEBUG EUC-TW Taiwan confidence = 0.01
22:55:44,140 chardet.charsetprober DEBUG windows-1255 confidence = 0.0, below negative shortcut threshhold 0.05
22:55:44,187 chardet.charsetprober DEBUG windows-1255 confidence = 0.0, below negative shortcut threshhold 0.05
22:55:44,510 chardet.charsetprober DEBUG utf-8  confidence = 0.99
22:55:44,525 chardet.charsetprober DEBUG SHIFT_JIS Japanese confidence = 0.01
22:55:44,540 chardet.charsetprober DEBUG EUC-JP Japanese confidence = 0.01
22:55:44,556 chardet.charsetprober DEBUG GB2312 Chinese confidence = 0.01
22:55:44,556 chardet.charsetprober DEBUG EUC-KR Korean confidence = 0.01
22:55:44,556 chardet.charsetprober DEBUG CP949 Korean confidence = 0.01
22:55:44,556 chardet.charsetprober DEBUG Big5 Chinese confidence = 0.01
22:55:44,556 chardet.charsetprober DEBUG EUC-TW Taiwan confidence = 0.01
22:55:44,556 chardet.charsetprober DEBUG windows-1251 Russian confidence = 0.01
22:55:44,556 chardet.charsetprober DEBUG KOI8-R Russian confidence = 0.01
22:55:44,556 chardet.charsetprober DEBUG ISO-8859-5 Russian confidence = 0.0
22:55:44,556 chardet.charsetprober DEBUG MacCyrillic Russian confidence = 0.01
22:55:44,556 chardet.charsetprober DEBUG IBM866 Russian confidence = 0.01
22:55:44,556 chardet.charsetprober DEBUG IBM855 Russian confidence = 0.01
22:55:44,556 chardet.charsetprober DEBUG ISO-8859-7 Greek confidence = 0.0
22:55:44,557 chardet.charsetprober DEBUG windows-1253 Greek confidence = 0.0
22:55:44,557 chardet.charsetprober DEBUG ISO-8859-5 Bulgairan confidence = 0.0
22:55:44,572 chardet.charsetprober DEBUG windows-1251 Bulgarian confidence = 0.0
22:55:44,588 chardet.charsetprober DEBUG TIS-620 Thai confidence = 0.11178513550529573
22:55:44,604 chardet.charsetprober DEBUG ISO-8859-9 Turkish confidence = 0.6195441677548892
22:55:44,604 chardet.charsetprober DEBUG windows-1255 Hebrew confidence = 0.0
22:55:44,604 chardet.charsetprober DEBUG windows-1255 not active
22:55:44,604 chardet.charsetprober DEBUG windows-1255 not active
22:55:44,604 chardet.charsetprober DEBUG utf-8  confidence = 0.99
22:55:44,604 chardet.charsetprober DEBUG SHIFT_JIS Japanese confidence = 0.01
22:55:44,604 chardet.charsetprober DEBUG EUC-JP Japanese confidence = 0.01
22:55:44,604 chardet.charsetprober DEBUG GB2312 Chinese confidence = 0.01
22:55:44,604 chardet.charsetprober DEBUG EUC-KR Korean confidence = 0.01
22:55:44,604 chardet.charsetprober DEBUG CP949 Korean confidence = 0.01
22:55:44,604 chardet.charsetprober DEBUG Big5 Chinese confidence = 0.01
22:55:44,605 chardet.charsetprober DEBUG EUC-TW Taiwan confidence = 0.01
22:55:46,84 chardet.charsetprober DEBUG windows-1255 confidence = 0.0, below negative shortcut threshhold 0.05
22:55:46,119 chardet.charsetprober DEBUG windows-1255 confidence = 0.0, below negative shortcut threshhold 0.05
22:55:46,464 chardet.charsetprober DEBUG utf-8  confidence = 0.99
22:55:46,480 chardet.charsetprober DEBUG SHIFT_JIS Japanese confidence = 0.01
22:55:46,512 chardet.charsetprober DEBUG EUC-JP Japanese confidence = 0.01
22:55:46,528 chardet.charsetprober DEBUG GB2312 Chinese confidence = 0.01
22:55:46,544 chardet.charsetprober DEBUG EUC-KR Korean confidence = 0.01
22:55:46,560 chardet.charsetprober DEBUG CP949 Korean confidence = 0.01
22:55:46,560 chardet.charsetprober DEBUG Big5 Chinese confidence = 0.01
22:55:46,560 chardet.charsetprober DEBUG EUC-TW Taiwan confidence = 0.01
22:55:46,560 chardet.charsetprober DEBUG windows-1251 Russian confidence = 0.01
22:55:46,576 chardet.charsetprober DEBUG KOI8-R Russian confidence = 0.01
22:55:46,582 chardet.charsetprober DEBUG ISO-8859-5 Russian confidence = 0.0
22:55:46,582 chardet.charsetprober DEBUG MacCyrillic Russian confidence = 0.01
22:55:46,582 chardet.charsetprober DEBUG IBM866 Russian confidence = 0.01
22:55:46,582 chardet.charsetprober DEBUG IBM855 Russian confidence = 0.01
22:55:46,582 chardet.charsetprober DEBUG ISO-8859-7 Greek confidence = 0.0
22:55:46,582 chardet.charsetprober DEBUG windows-1253 Greek confidence = 0.0
22:55:46,582 chardet.charsetprober DEBUG ISO-8859-5 Bulgairan confidence = 0.0
22:55:46,582 chardet.charsetprober DEBUG windows-1251 Bulgarian confidence = 0.0
22:55:46,582 chardet.charsetprober DEBUG TIS-620 Thai confidence = 0.11178513550529573
22:55:46,582 chardet.charsetprober DEBUG ISO-8859-9 Turkish confidence = 0.6195441677548892
22:55:46,582 chardet.charsetprober DEBUG windows-1255 Hebrew confidence = 0.0
22:55:46,583 chardet.charsetprober DEBUG windows-1255 not active
22:55:46,583 chardet.charsetprober DEBUG windows-1255 not active
22:55:46,583 chardet.charsetprober DEBUG utf-8  confidence = 0.99
22:55:46,583 chardet.charsetprober DEBUG SHIFT_JIS Japanese confidence = 0.01
22:55:46,583 chardet.charsetprober DEBUG EUC-JP Japanese confidence = 0.01
22:55:46,583 chardet.charsetprober DEBUG GB2312 Chinese confidence = 0.01
22:55:46,583 chardet.charsetprober DEBUG EUC-KR Korean confidence = 0.01
22:55:46,583 chardet.charsetprober DEBUG CP949 Korean confidence = 0.01
22:55:46,583 chardet.charsetprober DEBUG Big5 Chinese confidence = 0.01
22:55:46,583 chardet.charsetprober DEBUG EUC-TW Taiwan confidence = 0.01
22:55:48,498 chardet.charsetprober DEBUG windows-1255 confidence = 0.0, below negative shortcut threshhold 0.05
22:55:48,533 chardet.charsetprober DEBUG windows-1255 confidence = 0.0, below negative shortcut threshhold 0.05
22:55:48,854 chardet.charsetprober DEBUG utf-8  confidence = 0.99
22:55:48,874 chardet.charsetprober DEBUG SHIFT_JIS Japanese confidence = 0.01
22:55:48,890 chardet.charsetprober DEBUG EUC-JP Japanese confidence = 0.01
22:55:48,905 chardet.charsetprober DEBUG GB2312 Chinese confidence = 0.01
22:55:48,921 chardet.charsetprober DEBUG EUC-KR Korean confidence = 0.01
22:55:48,937 chardet.charsetprober DEBUG CP949 Korean confidence = 0.01
22:55:48,969 chardet.charsetprober DEBUG Big5 Chinese confidence = 0.01
22:55:49,1 chardet.charsetprober DEBUG EUC-TW Taiwan confidence = 0.01
22:55:49,17 chardet.charsetprober DEBUG windows-1251 Russian confidence = 0.01
22:55:49,33 chardet.charsetprober DEBUG KOI8-R Russian confidence = 0.01
22:55:49,49 chardet.charsetprober DEBUG ISO-8859-5 Russian confidence = 0.0
22:55:49,65 chardet.charsetprober DEBUG MacCyrillic Russian confidence = 0.01
22:55:49,65 chardet.charsetprober DEBUG IBM866 Russian confidence = 0.01
22:55:49,65 chardet.charsetprober DEBUG IBM855 Russian confidence = 0.01
22:55:49,65 chardet.charsetprober DEBUG ISO-8859-7 Greek confidence = 0.0
22:55:49,65 chardet.charsetprober DEBUG windows-1253 Greek confidence = 0.0
22:55:49,65 chardet.charsetprober DEBUG ISO-8859-5 Bulgairan confidence = 0.0
22:55:49,65 chardet.charsetprober DEBUG windows-1251 Bulgarian confidence = 0.0
22:55:49,65 chardet.charsetprober DEBUG TIS-620 Thai confidence = 0.11178513550529573
22:55:49,65 chardet.charsetprober DEBUG ISO-8859-9 Turkish confidence = 0.6195441677548892
22:55:49,65 chardet.charsetprober DEBUG windows-1255 Hebrew confidence = 0.0
22:55:49,65 chardet.charsetprober DEBUG windows-1255 not active
22:55:49,66 chardet.charsetprober DEBUG windows-1255 not active
22:55:49,66 chardet.charsetprober DEBUG utf-8  confidence = 0.99
22:55:49,81 chardet.charsetprober DEBUG SHIFT_JIS Japanese confidence = 0.01
22:55:49,97 chardet.charsetprober DEBUG EUC-JP Japanese confidence = 0.01
22:55:49,113 chardet.charsetprober DEBUG GB2312 Chinese confidence = 0.01
22:55:49,129 chardet.charsetprober DEBUG EUC-KR Korean confidence = 0.01
22:55:49,160 chardet.charsetprober DEBUG CP949 Korean confidence = 0.01
22:55:49,176 chardet.charsetprober DEBUG Big5 Chinese confidence = 0.01
22:55:49,191 chardet.charsetprober DEBUG EUC-TW Taiwan confidence = 0.01
22:55:50,614 chardet.charsetprober DEBUG windows-1255 confidence = 0.0, below negative shortcut threshhold 0.05
22:55:50,662 chardet.charsetprober DEBUG windows-1255 confidence = 0.0, below negative shortcut threshhold 0.05
22:55:50,871 chardet.charsetprober DEBUG utf-8  confidence = 0.99
22:55:50,871 chardet.charsetprober DEBUG SHIFT_JIS Japanese confidence = 0.01
22:55:50,871 chardet.charsetprober DEBUG EUC-JP Japanese confidence = 0.01
22:55:50,871 chardet.charsetprober DEBUG GB2312 Chinese confidence = 0.01
22:55:50,871 chardet.charsetprober DEBUG EUC-KR Korean confidence = 0.01
22:55:50,871 chardet.charsetprober DEBUG CP949 Korean confidence = 0.01
22:55:50,871 chardet.charsetprober DEBUG Big5 Chinese confidence = 0.01
22:55:50,871 chardet.charsetprober DEBUG EUC-TW Taiwan confidence = 0.01
22:55:50,872 chardet.charsetprober DEBUG windows-1251 Russian confidence = 0.01
22:55:50,872 chardet.charsetprober DEBUG KOI8-R Russian confidence = 0.01
22:55:50,872 chardet.charsetprober DEBUG ISO-8859-5 Russian confidence = 0.0
22:55:50,872 chardet.charsetprober DEBUG MacCyrillic Russian confidence = 0.01
22:55:50,872 chardet.charsetprober DEBUG IBM866 Russian confidence = 0.01
22:55:50,872 chardet.charsetprober DEBUG IBM855 Russian confidence = 0.01
22:55:50,872 chardet.charsetprober DEBUG ISO-8859-7 Greek confidence = 0.0
22:55:50,872 chardet.charsetprober DEBUG windows-1253 Greek confidence = 0.0
22:55:50,872 chardet.charsetprober DEBUG ISO-8859-5 Bulgairan confidence = 0.0
22:55:50,872 chardet.charsetprober DEBUG windows-1251 Bulgarian confidence = 0.0
22:55:50,872 chardet.charsetprober DEBUG TIS-620 Thai confidence = 0.11178513550529573
22:55:50,872 chardet.charsetprober DEBUG ISO-8859-9 Turkish confidence = 0.6195441677548892
22:55:50,872 chardet.charsetprober DEBUG windows-1255 Hebrew confidence = 0.0
22:55:50,872 chardet.charsetprober DEBUG windows-1255 not active
22:55:50,872 chardet.charsetprober DEBUG windows-1255 not active
22:55:50,872 chardet.charsetprober DEBUG utf-8  confidence = 0.99
22:55:50,872 chardet.charsetprober DEBUG SHIFT_JIS Japanese confidence = 0.01
22:55:50,872 chardet.charsetprober DEBUG EUC-JP Japanese confidence = 0.01
22:55:50,873 chardet.charsetprober DEBUG GB2312 Chinese confidence = 0.01
22:55:50,873 chardet.charsetprober DEBUG EUC-KR Korean confidence = 0.01
22:55:50,873 chardet.charsetprober DEBUG CP949 Korean confidence = 0.01
22:55:50,873 chardet.charsetprober DEBUG Big5 Chinese confidence = 0.01
22:55:50,873 chardet.charsetprober DEBUG EUC-TW Taiwan confidence = 0.01
22:55:52,734 chardet.charsetprober DEBUG windows-1255 confidence = 0.0, below negative shortcut threshhold 0.05
22:55:52,798 chardet.charsetprober DEBUG windows-1255 confidence = 0.0, below negative shortcut threshhold 0.05
22:55:53,108 chardet.charsetprober DEBUG utf-8  confidence = 0.99
22:55:53,114 chardet.charsetprober DEBUG SHIFT_JIS Japanese confidence = 0.01
22:55:53,130 chardet.charsetprober DEBUG EUC-JP Japanese confidence = 0.01
22:55:53,146 chardet.charsetprober DEBUG GB2312 Chinese confidence = 0.01
22:55:53,162 chardet.charsetprober DEBUG EUC-KR Korean confidence = 0.01
22:55:53,178 chardet.charsetprober DEBUG CP949 Korean confidence = 0.01
22:55:53,208 chardet.charsetprober DEBUG Big5 Chinese confidence = 0.01
22:55:53,240 chardet.charsetprober DEBUG EUC-TW Taiwan confidence = 0.01
22:55:53,240 chardet.charsetprober DEBUG windows-1251 Russian confidence = 0.01
22:55:53,256 chardet.charsetprober DEBUG KOI8-R Russian confidence = 0.01
22:55:53,272 chardet.charsetprober DEBUG ISO-8859-5 Russian confidence = 0.0
22:55:53,304 chardet.charsetprober DEBUG MacCyrillic Russian confidence = 0.01
22:55:53,334 chardet.charsetprober DEBUG IBM866 Russian confidence = 0.01
22:55:53,364 chardet.charsetprober DEBUG IBM855 Russian confidence = 0.01
22:55:53,364 chardet.charsetprober DEBUG ISO-8859-7 Greek confidence = 0.0
22:55:53,364 chardet.charsetprober DEBUG windows-1253 Greek confidence = 0.0
22:55:53,364 chardet.charsetprober DEBUG ISO-8859-5 Bulgairan confidence = 0.0
22:55:53,364 chardet.charsetprober DEBUG windows-1251 Bulgarian confidence = 0.0
22:55:53,364 chardet.charsetprober DEBUG TIS-620 Thai confidence = 0.11178513550529573
22:55:53,364 chardet.charsetprober DEBUG ISO-8859-9 Turkish confidence = 0.6195441677548892
22:55:53,364 chardet.charsetprober DEBUG windows-1255 Hebrew confidence = 0.0
22:55:53,364 chardet.charsetprober DEBUG windows-1255 not active
22:55:53,364 chardet.charsetprober DEBUG windows-1255 not active
22:55:53,364 chardet.charsetprober DEBUG utf-8  confidence = 0.99
22:55:53,365 chardet.charsetprober DEBUG SHIFT_JIS Japanese confidence = 0.01
22:55:53,365 chardet.charsetprober DEBUG EUC-JP Japanese confidence = 0.01
22:55:53,365 chardet.charsetprober DEBUG GB2312 Chinese confidence = 0.01
22:55:53,365 chardet.charsetprober DEBUG EUC-KR Korean confidence = 0.01
22:55:53,365 chardet.charsetprober DEBUG CP949 Korean confidence = 0.01
22:55:53,365 chardet.charsetprober DEBUG Big5 Chinese confidence = 0.01
22:55:53,365 chardet.charsetprober DEBUG EUC-TW Taiwan confidence = 0.01
22:55:54,720 chardet.charsetprober DEBUG windows-1255 confidence = 0.0, below negative shortcut threshhold 0.05
22:55:54,768 chardet.charsetprober DEBUG windows-1255 confidence = 0.0, below negative shortcut threshhold 0.05
22:55:54,957 chardet.charsetprober DEBUG utf-8  confidence = 0.99
22:55:54,958 chardet.charsetprober DEBUG SHIFT_JIS Japanese confidence = 0.01
22:55:54,958 chardet.charsetprober DEBUG EUC-JP Japanese confidence = 0.01
22:55:54,958 chardet.charsetprober DEBUG GB2312 Chinese confidence = 0.01
22:55:54,958 chardet.charsetprober DEBUG EUC-KR Korean confidence = 0.01
22:55:54,958 chardet.charsetprober DEBUG CP949 Korean confidence = 0.01
22:55:54,958 chardet.charsetprober DEBUG Big5 Chinese confidence = 0.01
22:55:54,958 chardet.charsetprober DEBUG EUC-TW Taiwan confidence = 0.01
22:55:54,958 chardet.charsetprober DEBUG windows-1251 Russian confidence = 0.01
22:55:54,958 chardet.charsetprober DEBUG KOI8-R Russian confidence = 0.01
22:55:54,958 chardet.charsetprober DEBUG ISO-8859-5 Russian confidence = 0.0
22:55:54,958 chardet.charsetprober DEBUG MacCyrillic Russian confidence = 0.01
22:55:54,958 chardet.charsetprober DEBUG IBM866 Russian confidence = 0.01
22:55:54,958 chardet.charsetprober DEBUG IBM855 Russian confidence = 0.01
22:55:54,958 chardet.charsetprober DEBUG ISO-8859-7 Greek confidence = 0.0
22:55:54,959 chardet.charsetprober DEBUG windows-1253 Greek confidence = 0.0
22:55:54,959 chardet.charsetprober DEBUG ISO-8859-5 Bulgairan confidence = 0.0
22:55:54,959 chardet.charsetprober DEBUG windows-1251 Bulgarian confidence = 0.0
22:55:54,959 chardet.charsetprober DEBUG TIS-620 Thai confidence = 0.11178513550529573
22:55:54,959 chardet.charsetprober DEBUG ISO-8859-9 Turkish confidence = 0.6195441677548892
22:55:54,959 chardet.charsetprober DEBUG windows-1255 Hebrew confidence = 0.0
22:55:54,959 chardet.charsetprober DEBUG windows-1255 not active
22:55:54,959 chardet.charsetprober DEBUG windows-1255 not active
22:55:54,959 chardet.charsetprober DEBUG utf-8  confidence = 0.99
22:55:54,959 chardet.charsetprober DEBUG SHIFT_JIS Japanese confidence = 0.01
22:55:54,959 chardet.charsetprober DEBUG EUC-JP Japanese confidence = 0.01
22:55:54,959 chardet.charsetprober DEBUG GB2312 Chinese confidence = 0.01
22:55:54,959 chardet.charsetprober DEBUG EUC-KR Korean confidence = 0.01
22:55:54,959 chardet.charsetprober DEBUG CP949 Korean confidence = 0.01
22:55:54,959 chardet.charsetprober DEBUG Big5 Chinese confidence = 0.01
22:55:54,959 chardet.charsetprober DEBUG EUC-TW Taiwan confidence = 0.01
22:55:56,763 chardet.charsetprober DEBUG windows-1255 confidence = 0.0, below negative shortcut threshhold 0.05
22:55:56,826 chardet.charsetprober DEBUG windows-1255 confidence = 0.0, below negative shortcut threshhold 0.05
22:55:57,216 chardet.charsetprober DEBUG utf-8  confidence = 0.99
22:55:57,236 chardet.charsetprober DEBUG SHIFT_JIS Japanese confidence = 0.01
22:55:57,251 chardet.charsetprober DEBUG EUC-JP Japanese confidence = 0.01
22:55:57,267 chardet.charsetprober DEBUG GB2312 Chinese confidence = 0.01
22:55:57,315 chardet.charsetprober DEBUG EUC-KR Korean confidence = 0.01
22:55:57,331 chardet.charsetprober DEBUG CP949 Korean confidence = 0.01
22:55:57,347 chardet.charsetprober DEBUG Big5 Chinese confidence = 0.01
22:55:57,409 chardet.charsetprober DEBUG EUC-TW Taiwan confidence = 0.01
22:55:57,440 chardet.charsetprober DEBUG windows-1251 Russian confidence = 0.01
22:55:57,455 chardet.charsetprober DEBUG KOI8-R Russian confidence = 0.01
22:55:57,470 chardet.charsetprober DEBUG ISO-8859-5 Russian confidence = 0.0
22:55:57,486 chardet.charsetprober DEBUG MacCyrillic Russian confidence = 0.01
22:55:57,501 chardet.charsetprober DEBUG IBM866 Russian confidence = 0.01
22:55:57,517 chardet.charsetprober DEBUG IBM855 Russian confidence = 0.01
22:55:57,533 chardet.charsetprober DEBUG ISO-8859-7 Greek confidence = 0.0
22:55:57,548 chardet.charsetprober DEBUG windows-1253 Greek confidence = 0.0
22:55:57,564 chardet.charsetprober DEBUG ISO-8859-5 Bulgairan confidence = 0.0
22:55:57,564 chardet.charsetprober DEBUG windows-1251 Bulgarian confidence = 0.0
22:55:57,579 chardet.charsetprober DEBUG TIS-620 Thai confidence = 0.11178513550529573
22:55:57,594 chardet.charsetprober DEBUG ISO-8859-9 Turkish confidence = 0.6195441677548892
22:55:57,610 chardet.charsetprober DEBUG windows-1255 Hebrew confidence = 0.0
22:55:57,625 chardet.charsetprober DEBUG windows-1255 not active
22:55:57,641 chardet.charsetprober DEBUG windows-1255 not active
22:55:57,641 chardet.charsetprober DEBUG utf-8  confidence = 0.99
22:55:57,689 chardet.charsetprober DEBUG SHIFT_JIS Japanese confidence = 0.01
22:55:57,705 chardet.charsetprober DEBUG EUC-JP Japanese confidence = 0.01
22:55:57,721 chardet.charsetprober DEBUG GB2312 Chinese confidence = 0.01
22:55:57,737 chardet.charsetprober DEBUG EUC-KR Korean confidence = 0.01
22:55:57,752 chardet.charsetprober DEBUG CP949 Korean confidence = 0.01
22:55:57,767 chardet.charsetprober DEBUG Big5 Chinese confidence = 0.01
22:55:57,799 chardet.charsetprober DEBUG EUC-TW Taiwan confidence = 0.01
22:55:58,654 chardet.charsetprober DEBUG windows-1255 confidence = 0.0, below negative shortcut threshhold 0.05
22:55:58,676 chardet.charsetprober DEBUG windows-1255 confidence = 0.0, below negative shortcut threshhold 0.05
22:55:58,831 chardet.charsetprober DEBUG utf-8  confidence = 0.99
22:55:58,831 chardet.charsetprober DEBUG SHIFT_JIS Japanese confidence = 0.01
22:55:58,831 chardet.charsetprober DEBUG EUC-JP Japanese confidence = 0.01
22:55:58,831 chardet.charsetprober DEBUG GB2312 Chinese confidence = 0.01
22:55:58,831 chardet.charsetprober DEBUG EUC-KR Korean confidence = 0.01
22:55:58,831 chardet.charsetprober DEBUG CP949 Korean confidence = 0.01
22:55:58,831 chardet.charsetprober DEBUG Big5 Chinese confidence = 0.01
22:55:58,831 chardet.charsetprober DEBUG EUC-TW Taiwan confidence = 0.01
22:55:58,831 chardet.charsetprober DEBUG windows-1251 Russian confidence = 0.01
22:55:58,832 chardet.charsetprober DEBUG KOI8-R Russian confidence = 0.01
22:55:58,832 chardet.charsetprober DEBUG ISO-8859-5 Russian confidence = 0.0
22:55:58,832 chardet.charsetprober DEBUG MacCyrillic Russian confidence = 0.01
22:55:58,832 chardet.charsetprober DEBUG IBM866 Russian confidence = 0.01
22:55:58,832 chardet.charsetprober DEBUG IBM855 Russian confidence = 0.01
22:55:58,832 chardet.charsetprober DEBUG ISO-8859-7 Greek confidence = 0.0
22:55:58,832 chardet.charsetprober DEBUG windows-1253 Greek confidence = 0.0
22:55:58,832 chardet.charsetprober DEBUG ISO-8859-5 Bulgairan confidence = 0.0
22:55:58,832 chardet.charsetprober DEBUG windows-1251 Bulgarian confidence = 0.0
22:55:58,832 chardet.charsetprober DEBUG TIS-620 Thai confidence = 0.11178513550529573
22:55:58,832 chardet.charsetprober DEBUG ISO-8859-9 Turkish confidence = 0.6195441677548892
22:55:58,832 chardet.charsetprober DEBUG windows-1255 Hebrew confidence = 0.0
22:55:58,832 chardet.charsetprober DEBUG windows-1255 not active
22:55:58,832 chardet.charsetprober DEBUG windows-1255 not active
22:55:58,832 chardet.charsetprober DEBUG utf-8  confidence = 0.99
22:55:58,832 chardet.charsetprober DEBUG SHIFT_JIS Japanese confidence = 0.01
22:55:58,832 chardet.charsetprober DEBUG EUC-JP Japanese confidence = 0.01
22:55:58,832 chardet.charsetprober DEBUG GB2312 Chinese confidence = 0.01
22:55:58,832 chardet.charsetprober DEBUG EUC-KR Korean confidence = 0.01
22:55:58,833 chardet.charsetprober DEBUG CP949 Korean confidence = 0.01
22:55:58,833 chardet.charsetprober DEBUG Big5 Chinese confidence = 0.01
22:55:58,833 chardet.charsetprober DEBUG EUC-TW Taiwan confidence = 0.01
22:56:10,84 chardet.charsetprober DEBUG windows-1255 confidence = 0.0, below negative shortcut threshhold 0.05
22:56:10,106 chardet.charsetprober DEBUG windows-1255 confidence = 0.0, below negative shortcut threshhold 0.05
22:56:10,258 chardet.charsetprober DEBUG utf-8  confidence = 0.99
22:56:10,258 chardet.charsetprober DEBUG SHIFT_JIS Japanese confidence = 0.01
22:56:10,258 chardet.charsetprober DEBUG EUC-JP Japanese confidence = 0.01
22:56:10,258 chardet.charsetprober DEBUG GB2312 Chinese confidence = 0.01
22:56:10,259 chardet.charsetprober DEBUG EUC-KR Korean confidence = 0.01
22:56:10,259 chardet.charsetprober DEBUG CP949 Korean confidence = 0.01
22:56:10,259 chardet.charsetprober DEBUG Big5 Chinese confidence = 0.01
22:56:10,259 chardet.charsetprober DEBUG EUC-TW Taiwan confidence = 0.01
22:56:10,259 chardet.charsetprober DEBUG windows-1251 Russian confidence = 0.01
22:56:10,259 chardet.charsetprober DEBUG KOI8-R Russian confidence = 0.01
22:56:10,259 chardet.charsetprober DEBUG ISO-8859-5 Russian confidence = 0.0
22:56:10,259 chardet.charsetprober DEBUG MacCyrillic Russian confidence = 0.01
22:56:10,259 chardet.charsetprober DEBUG IBM866 Russian confidence = 0.01
22:56:10,259 chardet.charsetprober DEBUG IBM855 Russian confidence = 0.01
22:56:10,259 chardet.charsetprober DEBUG ISO-8859-7 Greek confidence = 0.0
22:56:10,259 chardet.charsetprober DEBUG windows-1253 Greek confidence = 0.0
22:56:10,259 chardet.charsetprober DEBUG ISO-8859-5 Bulgairan confidence = 0.0
22:56:10,259 chardet.charsetprober DEBUG windows-1251 Bulgarian confidence = 0.0
22:56:10,259 chardet.charsetprober DEBUG TIS-620 Thai confidence = 0.11178513550529573
22:56:10,259 chardet.charsetprober DEBUG ISO-8859-9 Turkish confidence = 0.6195441677548892
22:56:10,259 chardet.charsetprober DEBUG windows-1255 Hebrew confidence = 0.0
22:56:10,259 chardet.charsetprober DEBUG windows-1255 not active
22:56:10,259 chardet.charsetprober DEBUG windows-1255 not active
22:56:10,260 chardet.charsetprober DEBUG utf-8  confidence = 0.99
22:56:10,260 chardet.charsetprober DEBUG SHIFT_JIS Japanese confidence = 0.01
22:56:10,260 chardet.charsetprober DEBUG EUC-JP Japanese confidence = 0.01
22:56:10,260 chardet.charsetprober DEBUG GB2312 Chinese confidence = 0.01
22:56:10,260 chardet.charsetprober DEBUG EUC-KR Korean confidence = 0.01
22:56:10,260 chardet.charsetprober DEBUG CP949 Korean confidence = 0.01
22:56:10,260 chardet.charsetprober DEBUG Big5 Chinese confidence = 0.01
22:56:10,260 chardet.charsetprober DEBUG EUC-TW Taiwan confidence = 0.01
22:56:11,11 chardet.charsetprober DEBUG windows-1255 confidence = 0.0, below negative shortcut threshhold 0.05
22:56:11,32 chardet.charsetprober DEBUG windows-1255 confidence = 0.0, below negative shortcut threshhold 0.05
22:56:11,186 chardet.charsetprober DEBUG utf-8  confidence = 0.99
22:56:11,186 chardet.charsetprober DEBUG SHIFT_JIS Japanese confidence = 0.01
22:56:11,186 chardet.charsetprober DEBUG EUC-JP Japanese confidence = 0.01
22:56:11,186 chardet.charsetprober DEBUG GB2312 Chinese confidence = 0.01
22:56:11,186 chardet.charsetprober DEBUG EUC-KR Korean confidence = 0.01
22:56:11,186 chardet.charsetprober DEBUG CP949 Korean confidence = 0.01
22:56:11,186 chardet.charsetprober DEBUG Big5 Chinese confidence = 0.01
22:56:11,186 chardet.charsetprober DEBUG EUC-TW Taiwan confidence = 0.01
22:56:11,186 chardet.charsetprober DEBUG windows-1251 Russian confidence = 0.01
22:56:11,187 chardet.charsetprober DEBUG KOI8-R Russian confidence = 0.01
22:56:11,187 chardet.charsetprober DEBUG ISO-8859-5 Russian confidence = 0.0
22:56:11,187 chardet.charsetprober DEBUG MacCyrillic Russian confidence = 0.01
22:56:11,187 chardet.charsetprober DEBUG IBM866 Russian confidence = 0.01
22:56:11,187 chardet.charsetprober DEBUG IBM855 Russian confidence = 0.01
22:56:11,187 chardet.charsetprober DEBUG ISO-8859-7 Greek confidence = 0.0
22:56:11,187 chardet.charsetprober DEBUG windows-1253 Greek confidence = 0.0
22:56:11,187 chardet.charsetprober DEBUG ISO-8859-5 Bulgairan confidence = 0.0
22:56:11,187 chardet.charsetprober DEBUG windows-1251 Bulgarian confidence = 0.0
22:56:11,187 chardet.charsetprober DEBUG TIS-620 Thai confidence = 0.11178513550529573
22:56:11,187 chardet.charsetprober DEBUG ISO-8859-9 Turkish confidence = 0.6195441677548892
22:56:11,187 chardet.charsetprober DEBUG windows-1255 Hebrew confidence = 0.0
22:56:11,187 chardet.charsetprober DEBUG windows-1255 not active
22:56:11,187 chardet.charsetprober DEBUG windows-1255 not active
22:56:11,187 chardet.charsetprober DEBUG utf-8  confidence = 0.99
22:56:11,187 chardet.charsetprober DEBUG SHIFT_JIS Japanese confidence = 0.01
22:56:11,187 chardet.charsetprober DEBUG EUC-JP Japanese confidence = 0.01
22:56:11,187 chardet.charsetprober DEBUG GB2312 Chinese confidence = 0.01
22:56:11,187 chardet.charsetprober DEBUG EUC-KR Korean confidence = 0.01
22:56:11,188 chardet.charsetprober DEBUG CP949 Korean confidence = 0.01
22:56:11,188 chardet.charsetprober DEBUG Big5 Chinese confidence = 0.01
22:56:11,188 chardet.charsetprober DEBUG EUC-TW Taiwan confidence = 0.01
22:56:13,179 chardet.charsetprober DEBUG windows-1255 confidence = 0.0, below negative shortcut threshhold 0.05
22:56:13,243 chardet.charsetprober DEBUG windows-1255 confidence = 0.0, below negative shortcut threshhold 0.05
22:56:13,489 chardet.charsetprober DEBUG utf-8  confidence = 0.99
22:56:13,489 chardet.charsetprober DEBUG SHIFT_JIS Japanese confidence = 0.01
22:56:13,490 chardet.charsetprober DEBUG EUC-JP Japanese confidence = 0.01
22:56:13,490 chardet.charsetprober DEBUG GB2312 Chinese confidence = 0.01
22:56:13,490 chardet.charsetprober DEBUG EUC-KR Korean confidence = 0.01
22:56:13,490 chardet.charsetprober DEBUG CP949 Korean confidence = 0.01
22:56:13,490 chardet.charsetprober DEBUG Big5 Chinese confidence = 0.01
22:56:13,490 chardet.charsetprober DEBUG EUC-TW Taiwan confidence = 0.01
22:56:13,490 chardet.charsetprober DEBUG windows-1251 Russian confidence = 0.01
22:56:13,490 chardet.charsetprober DEBUG KOI8-R Russian confidence = 0.01
22:56:13,490 chardet.charsetprober DEBUG ISO-8859-5 Russian confidence = 0.0
22:56:13,490 chardet.charsetprober DEBUG MacCyrillic Russian confidence = 0.01
22:56:13,490 chardet.charsetprober DEBUG IBM866 Russian confidence = 0.01
22:56:13,490 chardet.charsetprober DEBUG IBM855 Russian confidence = 0.01
22:56:13,490 chardet.charsetprober DEBUG ISO-8859-7 Greek confidence = 0.0
22:56:13,490 chardet.charsetprober DEBUG windows-1253 Greek confidence = 0.0
22:56:13,490 chardet.charsetprober DEBUG ISO-8859-5 Bulgairan confidence = 0.0
22:56:13,490 chardet.charsetprober DEBUG windows-1251 Bulgarian confidence = 0.0
22:56:13,490 chardet.charsetprober DEBUG TIS-620 Thai confidence = 0.11178513550529573
22:56:13,491 chardet.charsetprober DEBUG ISO-8859-9 Turkish confidence = 0.6195441677548892
22:56:13,491 chardet.charsetprober DEBUG windows-1255 Hebrew confidence = 0.0
22:56:13,491 chardet.charsetprober DEBUG windows-1255 not active
22:56:13,491 chardet.charsetprober DEBUG windows-1255 not active
22:56:13,491 chardet.charsetprober DEBUG utf-8  confidence = 0.99
22:56:13,491 chardet.charsetprober DEBUG SHIFT_JIS Japanese confidence = 0.01
22:56:13,491 chardet.charsetprober DEBUG EUC-JP Japanese confidence = 0.01
22:56:13,491 chardet.charsetprober DEBUG GB2312 Chinese confidence = 0.01
22:56:13,491 chardet.charsetprober DEBUG EUC-KR Korean confidence = 0.01
22:56:13,491 chardet.charsetprober DEBUG CP949 Korean confidence = 0.01
22:56:13,491 chardet.charsetprober DEBUG Big5 Chinese confidence = 0.01
22:56:13,491 chardet.charsetprober DEBUG EUC-TW Taiwan confidence = 0.01
22:56:14,233 chardet.charsetprober DEBUG windows-1255 confidence = 0.0, below negative shortcut threshhold 0.05
22:56:14,255 chardet.charsetprober DEBUG windows-1255 confidence = 0.0, below negative shortcut threshhold 0.05
22:56:14,408 chardet.charsetprober DEBUG utf-8  confidence = 0.99
22:56:14,409 chardet.charsetprober DEBUG SHIFT_JIS Japanese confidence = 0.01
22:56:14,409 chardet.charsetprober DEBUG EUC-JP Japanese confidence = 0.01
22:56:14,409 chardet.charsetprober DEBUG GB2312 Chinese confidence = 0.01
22:56:14,409 chardet.charsetprober DEBUG EUC-KR Korean confidence = 0.01
22:56:14,409 chardet.charsetprober DEBUG CP949 Korean confidence = 0.01
22:56:14,409 chardet.charsetprober DEBUG Big5 Chinese confidence = 0.01
22:56:14,409 chardet.charsetprober DEBUG EUC-TW Taiwan confidence = 0.01
22:56:14,409 chardet.charsetprober DEBUG windows-1251 Russian confidence = 0.01
22:56:14,409 chardet.charsetprober DEBUG KOI8-R Russian confidence = 0.01
22:56:14,409 chardet.charsetprober DEBUG ISO-8859-5 Russian confidence = 0.0
22:56:14,409 chardet.charsetprober DEBUG MacCyrillic Russian confidence = 0.01
22:56:14,409 chardet.charsetprober DEBUG IBM866 Russian confidence = 0.01
22:56:14,409 chardet.charsetprober DEBUG IBM855 Russian confidence = 0.01
22:56:14,409 chardet.charsetprober DEBUG ISO-8859-7 Greek confidence = 0.0
22:56:14,409 chardet.charsetprober DEBUG windows-1253 Greek confidence = 0.0
22:56:14,409 chardet.charsetprober DEBUG ISO-8859-5 Bulgairan confidence = 0.0
22:56:14,409 chardet.charsetprober DEBUG windows-1251 Bulgarian confidence = 0.0
22:56:14,409 chardet.charsetprober DEBUG TIS-620 Thai confidence = 0.11178513550529573
22:56:14,410 chardet.charsetprober DEBUG ISO-8859-9 Turkish confidence = 0.6195441677548892
22:56:14,410 chardet.charsetprober DEBUG windows-1255 Hebrew confidence = 0.0
22:56:14,410 chardet.charsetprober DEBUG windows-1255 not active
22:56:14,410 chardet.charsetprober DEBUG windows-1255 not active
22:56:14,410 chardet.charsetprober DEBUG utf-8  confidence = 0.99
22:56:14,410 chardet.charsetprober DEBUG SHIFT_JIS Japanese confidence = 0.01
22:56:14,410 chardet.charsetprober DEBUG EUC-JP Japanese confidence = 0.01
22:56:14,410 chardet.charsetprober DEBUG GB2312 Chinese confidence = 0.01
22:56:14,410 chardet.charsetprober DEBUG EUC-KR Korean confidence = 0.01
22:56:14,410 chardet.charsetprober DEBUG CP949 Korean confidence = 0.01
22:56:14,410 chardet.charsetprober DEBUG Big5 Chinese confidence = 0.01
22:56:14,410 chardet.charsetprober DEBUG EUC-TW Taiwan confidence = 0.01
